[2024-09-16T08:36:59.415+0000] {processor.py:157} INFO - Started process (PID=199) to work on /opt/airflow/dags/weeklyscraper_dag.py
[2024-09-16T08:36:59.431+0000] {processor.py:829} INFO - Processing file /opt/airflow/dags/weeklyscraper_dag.py for tasks to queue
[2024-09-16T08:36:59.456+0000] {logging_mixin.py:151} INFO - [2024-09-16T08:36:59.446+0000] {dagbag.py:539} INFO - Filling up the DagBag from /opt/airflow/dags/weeklyscraper_dag.py
[2024-09-16T08:37:00.392+0000] {logging_mixin.py:151} INFO - /opt/airflow/data/data.csv başarıyla indirildi.
[2024-09-16T08:37:00.832+0000] {processor.py:839} INFO - DAG(s) dict_keys(['weekly_scraper_dag']) retrieved from /opt/airflow/dags/weeklyscraper_dag.py
[2024-09-16T08:37:02.883+0000] {logging_mixin.py:151} INFO - [2024-09-16T08:37:02.883+0000] {manager.py:499} INFO - Created Permission View: %s
[2024-09-16T08:37:02.921+0000] {logging_mixin.py:151} INFO - [2024-09-16T08:37:02.921+0000] {manager.py:499} INFO - Created Permission View: %s
[2024-09-16T08:37:02.945+0000] {logging_mixin.py:151} INFO - [2024-09-16T08:37:02.945+0000] {manager.py:499} INFO - Created Permission View: %s
[2024-09-16T08:37:02.952+0000] {logging_mixin.py:151} INFO - [2024-09-16T08:37:02.951+0000] {security.py:708} INFO - Not syncing DAG-level permissions for DAG 'DAG:weekly_scraper_dag' as access control is unset.
[2024-09-16T08:37:02.955+0000] {logging_mixin.py:151} INFO - [2024-09-16T08:37:02.954+0000] {dag.py:2915} INFO - Sync 1 DAGs
[2024-09-16T08:37:03.008+0000] {logging_mixin.py:151} INFO - [2024-09-16T08:37:03.008+0000] {dag.py:2937} INFO - Creating ORM DAG for weekly_scraper_dag
[2024-09-16T08:37:03.056+0000] {logging_mixin.py:151} INFO - [2024-09-16T08:37:03.053+0000] {dag.py:3696} INFO - Setting next_dagrun for weekly_scraper_dag to 2024-09-16T00:01:00+00:00, run_after=2024-09-23T00:01:00+00:00
[2024-09-16T08:37:03.125+0000] {processor.py:179} INFO - Processing /opt/airflow/dags/weeklyscraper_dag.py took 3.818 seconds
[2024-09-16T08:37:33.424+0000] {processor.py:157} INFO - Started process (PID=211) to work on /opt/airflow/dags/weeklyscraper_dag.py
[2024-09-16T08:37:33.433+0000] {processor.py:829} INFO - Processing file /opt/airflow/dags/weeklyscraper_dag.py for tasks to queue
[2024-09-16T08:37:33.440+0000] {logging_mixin.py:151} INFO - [2024-09-16T08:37:33.438+0000] {dagbag.py:539} INFO - Filling up the DagBag from /opt/airflow/dags/weeklyscraper_dag.py
[2024-09-16T08:37:33.960+0000] {logging_mixin.py:151} INFO - /opt/airflow/data/data.csv başarıyla indirildi.
[2024-09-16T08:37:34.004+0000] {processor.py:839} INFO - DAG(s) dict_keys(['weekly_scraper_dag']) retrieved from /opt/airflow/dags/weeklyscraper_dag.py
[2024-09-16T08:37:35.034+0000] {logging_mixin.py:151} INFO - [2024-09-16T08:37:35.034+0000] {dag.py:2915} INFO - Sync 1 DAGs
[2024-09-16T08:37:35.135+0000] {logging_mixin.py:151} INFO - [2024-09-16T08:37:35.134+0000] {dag.py:3696} INFO - Setting next_dagrun for weekly_scraper_dag to 2024-09-16T00:01:00+00:00, run_after=2024-09-23T00:01:00+00:00
[2024-09-16T08:37:35.201+0000] {processor.py:179} INFO - Processing /opt/airflow/dags/weeklyscraper_dag.py took 1.808 seconds
[2024-09-16T08:38:05.643+0000] {processor.py:157} INFO - Started process (PID=223) to work on /opt/airflow/dags/weeklyscraper_dag.py
[2024-09-16T08:38:05.648+0000] {processor.py:829} INFO - Processing file /opt/airflow/dags/weeklyscraper_dag.py for tasks to queue
[2024-09-16T08:38:05.653+0000] {logging_mixin.py:151} INFO - [2024-09-16T08:38:05.652+0000] {dagbag.py:539} INFO - Filling up the DagBag from /opt/airflow/dags/weeklyscraper_dag.py
[2024-09-16T08:38:05.983+0000] {logging_mixin.py:151} INFO - /opt/airflow/data/data.csv başarıyla indirildi.
[2024-09-16T08:38:06.326+0000] {processor.py:839} INFO - DAG(s) dict_keys(['weekly_scraper_dag']) retrieved from /opt/airflow/dags/weeklyscraper_dag.py
[2024-09-16T08:38:06.388+0000] {logging_mixin.py:151} INFO - [2024-09-16T08:38:06.387+0000] {dag.py:2915} INFO - Sync 1 DAGs
[2024-09-16T08:38:06.443+0000] {logging_mixin.py:151} INFO - [2024-09-16T08:38:06.442+0000] {dag.py:3696} INFO - Setting next_dagrun for weekly_scraper_dag to 2024-09-16T00:01:00+00:00, run_after=2024-09-23T00:01:00+00:00
[2024-09-16T08:38:06.482+0000] {processor.py:179} INFO - Processing /opt/airflow/dags/weeklyscraper_dag.py took 0.846 seconds
[2024-09-16T08:38:36.743+0000] {processor.py:157} INFO - Started process (PID=235) to work on /opt/airflow/dags/weeklyscraper_dag.py
[2024-09-16T08:38:36.749+0000] {processor.py:829} INFO - Processing file /opt/airflow/dags/weeklyscraper_dag.py for tasks to queue
[2024-09-16T08:38:36.752+0000] {logging_mixin.py:151} INFO - [2024-09-16T08:38:36.752+0000] {dagbag.py:539} INFO - Filling up the DagBag from /opt/airflow/dags/weeklyscraper_dag.py
[2024-09-16T08:38:37.354+0000] {logging_mixin.py:151} INFO - /opt/airflow/data/data.csv başarıyla indirildi.
[2024-09-16T08:38:37.411+0000] {processor.py:839} INFO - DAG(s) dict_keys(['weekly_scraper_dag']) retrieved from /opt/airflow/dags/weeklyscraper_dag.py
[2024-09-16T08:38:37.479+0000] {logging_mixin.py:151} INFO - [2024-09-16T08:38:37.479+0000] {dag.py:2915} INFO - Sync 1 DAGs
[2024-09-16T08:38:37.546+0000] {logging_mixin.py:151} INFO - [2024-09-16T08:38:37.545+0000] {dag.py:3696} INFO - Setting next_dagrun for weekly_scraper_dag to 2024-09-16T00:01:00+00:00, run_after=2024-09-23T00:01:00+00:00
[2024-09-16T08:38:37.589+0000] {processor.py:179} INFO - Processing /opt/airflow/dags/weeklyscraper_dag.py took 0.851 seconds
[2024-09-16T08:39:08.183+0000] {processor.py:157} INFO - Started process (PID=247) to work on /opt/airflow/dags/weeklyscraper_dag.py
[2024-09-16T08:39:08.189+0000] {processor.py:829} INFO - Processing file /opt/airflow/dags/weeklyscraper_dag.py for tasks to queue
[2024-09-16T08:39:08.193+0000] {logging_mixin.py:151} INFO - [2024-09-16T08:39:08.192+0000] {dagbag.py:539} INFO - Filling up the DagBag from /opt/airflow/dags/weeklyscraper_dag.py
[2024-09-16T08:39:08.529+0000] {logging_mixin.py:151} INFO - /opt/airflow/data/data.csv başarıyla indirildi.
[2024-09-16T08:39:08.655+0000] {processor.py:839} INFO - DAG(s) dict_keys(['weekly_scraper_dag']) retrieved from /opt/airflow/dags/weeklyscraper_dag.py
[2024-09-16T08:39:08.764+0000] {logging_mixin.py:151} INFO - [2024-09-16T08:39:08.763+0000] {dag.py:2915} INFO - Sync 1 DAGs
[2024-09-16T08:39:08.990+0000] {logging_mixin.py:151} INFO - [2024-09-16T08:39:08.989+0000] {dag.py:3696} INFO - Setting next_dagrun for weekly_scraper_dag to 2024-09-16T00:01:00+00:00, run_after=2024-09-23T00:01:00+00:00
[2024-09-16T08:39:09.143+0000] {processor.py:179} INFO - Processing /opt/airflow/dags/weeklyscraper_dag.py took 0.971 seconds
[2024-09-16T08:39:39.653+0000] {processor.py:157} INFO - Started process (PID=259) to work on /opt/airflow/dags/weeklyscraper_dag.py
[2024-09-16T08:39:39.675+0000] {processor.py:829} INFO - Processing file /opt/airflow/dags/weeklyscraper_dag.py for tasks to queue
[2024-09-16T08:39:39.767+0000] {logging_mixin.py:151} INFO - [2024-09-16T08:39:39.755+0000] {dagbag.py:539} INFO - Filling up the DagBag from /opt/airflow/dags/weeklyscraper_dag.py
[2024-09-16T08:39:40.974+0000] {logging_mixin.py:151} INFO - /opt/airflow/data/data.csv başarıyla indirildi.
[2024-09-16T08:39:42.830+0000] {processor.py:839} INFO - DAG(s) dict_keys(['weekly_scraper_dag']) retrieved from /opt/airflow/dags/weeklyscraper_dag.py
[2024-09-16T08:39:46.460+0000] {logging_mixin.py:151} INFO - [2024-09-16T08:39:46.458+0000] {dag.py:2915} INFO - Sync 1 DAGs
[2024-09-16T08:39:46.879+0000] {logging_mixin.py:151} INFO - [2024-09-16T08:39:46.879+0000] {dag.py:3696} INFO - Setting next_dagrun for weekly_scraper_dag to 2024-09-16T00:01:00+00:00, run_after=2024-09-23T00:01:00+00:00
[2024-09-16T08:39:47.212+0000] {processor.py:179} INFO - Processing /opt/airflow/dags/weeklyscraper_dag.py took 7.625 seconds
